0 info it worked if it ends with ok
1 verbose cli [ '/usr/bin/nodejs', '/usr/bin/npm', 'install', '-g', 'now' ]
2 info using npm@3.5.2
3 info using node@v4.2.6
4 silly loadCurrentTree Starting
5 silly install loadCurrentTree
6 silly install readGlobalPackageData
7 silly fetchPackageMetaData now
8 silly fetchNamedPackageData now
9 silly mapToRegistry name now
10 silly mapToRegistry using default registry
11 silly mapToRegistry registry https://registry.npmjs.org/
12 silly mapToRegistry uri https://registry.npmjs.org/now
13 verbose request uri https://registry.npmjs.org/now
14 verbose request no auth needed
15 info attempt registry request try #1 at 5:37:09 p. m.
16 verbose request id 56fa84b7be8ae0c0
17 verbose etag W/"59f72af2-94942"
18 verbose lastModified Mon, 30 Oct 2017 13:36:50 GMT
19 http request GET https://registry.npmjs.org/now
20 http 200 https://registry.npmjs.org/now
21 verbose headers { server: 'nginx/1.10.1',
21 verbose headers   'content-type': 'application/json',
21 verbose headers   'last-modified': 'Sun, 05 Nov 2017 19:49:41 GMT',
21 verbose headers   etag: 'W/"59ff6b55-978a7"',
21 verbose headers   'content-encoding': 'gzip',
21 verbose headers   'cache-control': 'max-age=300',
21 verbose headers   'content-length': '44427',
21 verbose headers   'accept-ranges': 'bytes',
21 verbose headers   date: 'Mon, 06 Nov 2017 12:28:03 GMT',
21 verbose headers   via: '1.1 varnish',
21 verbose headers   age: '0',
21 verbose headers   connection: 'keep-alive',
21 verbose headers   'x-served-by': 'cache-gru17128-GRU',
21 verbose headers   'x-cache': 'MISS',
21 verbose headers   'x-cache-hits': '0',
21 verbose headers   'x-timer': 'S1509971283.287075,VS0,VE578',
21 verbose headers   vary: 'Accept-Encoding, Accept' }
22 silly get cb [ 200,
22 silly get   { server: 'nginx/1.10.1',
22 silly get     'content-type': 'application/json',
22 silly get     'last-modified': 'Sun, 05 Nov 2017 19:49:41 GMT',
22 silly get     etag: 'W/"59ff6b55-978a7"',
22 silly get     'content-encoding': 'gzip',
22 silly get     'cache-control': 'max-age=300',
22 silly get     'content-length': '44427',
22 silly get     'accept-ranges': 'bytes',
22 silly get     date: 'Mon, 06 Nov 2017 12:28:03 GMT',
22 silly get     via: '1.1 varnish',
22 silly get     age: '0',
22 silly get     connection: 'keep-alive',
22 silly get     'x-served-by': 'cache-gru17128-GRU',
22 silly get     'x-cache': 'MISS',
22 silly get     'x-cache-hits': '0',
22 silly get     'x-timer': 'S1509971283.287075,VS0,VE578',
22 silly get     vary: 'Accept-Encoding, Accept' } ]
23 verbose get saving now to /home/fcorrea/.npm/registry.npmjs.org/now/.cache.json
24 silly install normalizeTree
25 silly loadCurrentTree Finishing
26 silly loadIdealTree Starting
27 silly install loadIdealTree
28 silly cloneCurrentTree Starting
29 silly install cloneCurrentTreeToIdealTree
30 silly cloneCurrentTree Finishing
31 silly loadShrinkwrap Starting
32 silly install loadShrinkwrap
33 silly loadShrinkwrap Finishing
34 silly loadAllDepsIntoIdealTree Starting
35 silly install loadAllDepsIntoIdealTree
36 silly resolveWithNewModule now@8.4.0 checking installable status
37 silly cache add args [ 'now', null ]
38 verbose cache add spec now
39 silly cache add parsed spec Result {
39 silly cache add   raw: 'now',
39 silly cache add   scope: null,
39 silly cache add   name: 'now',
39 silly cache add   rawSpec: '',
39 silly cache add   spec: 'latest',
39 silly cache add   type: 'tag' }
40 silly addNamed now@latest
41 verbose addNamed "latest" is being treated as a dist-tag for now
42 info addNameTag [ 'now', 'latest' ]
43 silly mapToRegistry name now
44 silly mapToRegistry using default registry
45 silly mapToRegistry registry https://registry.npmjs.org/
46 silly mapToRegistry uri https://registry.npmjs.org/now
47 verbose addNameTag registry:https://registry.npmjs.org/now not in flight; fetching
48 verbose get https://registry.npmjs.org/now not expired, no request
49 silly addNameTag next cb for now with tag latest
50 silly addNamed now@8.4.0
51 verbose addNamed "8.4.0" is a plain semver version for now
52 silly mapToRegistry name now
53 silly mapToRegistry using default registry
54 silly mapToRegistry registry https://registry.npmjs.org/
55 silly mapToRegistry uri https://registry.npmjs.org/now
56 verbose addRemoteTarball https://registry.npmjs.org/now/-/now-8.4.0.tgz not in flight; adding
57 verbose addRemoteTarball [ 'https://registry.npmjs.org/now/-/now-8.4.0.tgz',
57 verbose addRemoteTarball   'fdb9eb18e01c02b6acaa6a1fc5e80385d6e47d90' ]
58 info retry fetch attempt 1 at 5:37:11 p. m.
59 info attempt registry request try #1 at 5:37:11 p. m.
60 http fetch GET https://registry.npmjs.org/now/-/now-8.4.0.tgz
61 http fetch 200 https://registry.npmjs.org/now/-/now-8.4.0.tgz
62 silly fetchAndShaCheck shasum fdb9eb18e01c02b6acaa6a1fc5e80385d6e47d90
63 verbose addTmpTarball /tmp/npm-12084-74181fd4/registry.npmjs.org/now/-/now-8.4.0.tgz not in flight; adding
64 verbose addTmpTarball already have metadata; skipping unpack for now@8.4.0
65 silly cache afterAdd now@8.4.0
66 verbose afterAdd /home/fcorrea/.npm/now/8.4.0/package/package.json not in flight; writing
67 verbose afterAdd /home/fcorrea/.npm/now/8.4.0/package/package.json written
68 silly loadAllDepsIntoIdealTree Finishing
69 silly idealTree:prePrune lib
69 silly idealTree:prePrune └── now@8.4.0
70 silly loadIdealTree Finishing
71 silly currentTree lib
71 silly currentTree └── now@8.3.11
72 silly idealTree lib
72 silly idealTree └── now@8.4.0
73 silly generateActionsToTake Starting
74 silly install generateActionsToTake
75 warn checkPermissions Missing write access to /usr/local/lib/node_modules/now
76 warn checkPermissions Missing write access to /usr/local/lib/node_modules
77 silly rollbackFailedOptional Starting
78 silly rollbackFailedOptional Finishing
79 silly runTopLevelLifecycles Starting
80 silly runTopLevelLifecycles Finishing
81 silly install printInstalled
82 verbose stack Error: EACCES: permission denied, access '/usr/local/lib/node_modules/now'
82 verbose stack     at Error (native)
83 verbose cwd /home/fcorrea/DevOps
84 error Linux 4.4.0-98-generic
85 error argv "/usr/bin/nodejs" "/usr/bin/npm" "install" "-g" "now"
86 error node v4.2.6
87 error npm  v3.5.2
88 error path /usr/local/lib/node_modules/now
89 error code EACCES
90 error errno -13
91 error syscall access
92 error Error: EACCES: permission denied, access '/usr/local/lib/node_modules/now'
92 error     at Error (native)
92 error  { [Error: EACCES: permission denied, access '/usr/local/lib/node_modules/now']
92 error   errno: -13,
92 error   code: 'EACCES',
92 error   syscall: 'access',
92 error   path: '/usr/local/lib/node_modules/now' }
93 error Please try running this command again as root/Administrator.
94 verbose exit [ -13, true ]
